<?xml version="1.0" encoding="UTF-8"?>
<!-- Generated by org.testng.reporters.JUnitXMLReporter -->
<testsuite ignored="0" hostname="LAPTOP-5CK4J9DQ" failures="0" tests="4" name="Default test" time="3.577" errors="0" timestamp="2023-09-24T02:09:50 EDT">
  <testcase classname="com.facebook.locators.DirectLocstors" name="idLocatorsTest" time="0.067"/>
  <testcase classname="com.facebook.locators.DirectLocstors" name="linkTestLocatorsTest" time="0.46"/>
  <testcase classname="com.facebook.locators.DirectLocstors" name="nameLocatorsTest" time="0.068"/>
  <testcase classname="com.facebook.locators.DirectLocstors" name="partioalLinlTextLocatorsTest" time="0.519"/>
</testsuite> <!-- Default test -->
