<?xml version="1.0" encoding="UTF-8"?>
<testng-results ignored="0" total="1" passed="1" failed="0" skipped="0">
  <reporter-output>
  </reporter-output>
  <suite started-at="2023-09-26T01:11:38 EDT" name="Default suite" finished-at="2023-09-26T01:11:42 EDT" duration-ms="4614">
    <groups>
    </groups>
    <test started-at="2023-09-26T01:11:38 EDT" name="Default test" finished-at="2023-09-26T01:11:42 EDT" duration-ms="4614">
      <class name="com.facebook.findElements.Elements">
        <test-method is-config="true" signature="openFacebook()[pri:0, instance:com.facebook.findElements.Elements@7b98f307]" started-at="2023-09-26T01:11:38 EDT" name="openFacebook" finished-at="2023-09-26T01:11:42 EDT" duration-ms="4530" status="PASS">
          <reporter-output>
          </reporter-output>
        </test-method> <!-- openFacebook -->
        <test-method signature="listofElements()[pri:0, instance:com.facebook.findElements.Elements@7b98f307]" started-at="2023-09-26T01:11:42 EDT" name="listofElements" finished-at="2023-09-26T01:11:42 EDT" duration-ms="30" status="PASS">
          <reporter-output>
          </reporter-output>
        </test-method> <!-- listofElements -->
      </class> <!-- com.facebook.findElements.Elements -->
    </test> <!-- Default test -->
  </suite> <!-- Default suite -->
</testng-results>
